<?xml version="1.0" encoding="UTF-8"?>
<!-- Generated by org.testng.reporters.JUnitXMLReporter -->
<testsuite hostname="DESKTOP-QNHJ5Q7" name="Default test" tests="3" failures="0" timestamp="2 Nov 2022 04:58:55 GMT" time="19.54" errors="0">
  <testcase name="verifyLoginWithValidDetails" time="3.632" classname="tests.LoginTest"/>
  <testcase name="verifyAppTitle" time="5.034" classname="tests.LoginTest"/>
  <testcase name="verifyLogout" time="1.156" classname="tests.LoginTest"/>
</testsuite> <!-- Default test -->
