<?xml version="1.0" encoding="UTF-8"?>
<!-- Generated by org.testng.reporters.JUnitXMLReporter -->
<testsuite ignored="0" hostname="DESKTOP-QNHJ5Q7" failures="0" tests="3" name="Test" time="19.082" errors="0" timestamp="2022-11-01T21:52:37 PDT">
  <testcase classname="tests.LoginTest" name="verifyLoginWithValidDetails" time="2.969"/>
  <testcase classname="tests.LoginTest" name="verifyAppTitle" time="5.015"/>
  <testcase classname="tests.LoginTest" name="verifyLogout" time="1.177"/>
</testsuite> <!-- Test -->
