<?xml version="1.0" encoding="UTF-8"?>
<testng-results ignored="0" total="3" passed="3" failed="0" skipped="0">
  <reporter-output>
  </reporter-output>
  <suite started-at="2022-11-01T21:52:18 PDT" name="Suite" finished-at="2022-11-01T21:52:37 PDT" duration-ms="19082">
    <groups>
    </groups>
    <test started-at="2022-11-01T21:52:18 PDT" name="Test" finished-at="2022-11-01T21:52:37 PDT" duration-ms="19082">
      <class name="tests.LoginTest">
        <test-method is-config="true" signature="launchApp()[pri:0, instance:tests.LoginTest@58ea606c]" started-at="2022-11-01T21:52:18 PDT" name="launchApp" finished-at="2022-11-01T21:52:22 PDT" duration-ms="4607" status="PASS">
          <reporter-output>
          </reporter-output>
        </test-method> <!-- launchApp -->
        <test-method signature="verifyLoginWithValidDetails()[pri:1, instance:tests.LoginTest@58ea606c]" started-at="2022-11-01T21:52:22 PDT" name="verifyLoginWithValidDetails" finished-at="2022-11-01T21:52:25 PDT" duration-ms="2969" status="PASS">
          <reporter-output>
          </reporter-output>
        </test-method> <!-- verifyLoginWithValidDetails -->
        <test-method is-config="true" signature="delayAfterEachMethod()[pri:0, instance:tests.LoginTest@58ea606c]" started-at="2022-11-01T21:52:25 PDT" name="delayAfterEachMethod" finished-at="2022-11-01T21:52:25 PDT" duration-ms="0" status="PASS">
          <reporter-output>
          </reporter-output>
        </test-method> <!-- delayAfterEachMethod -->
        <test-method signature="verifyAppTitle()[pri:2, instance:tests.LoginTest@58ea606c]" started-at="2022-11-01T21:52:25 PDT" name="verifyAppTitle" finished-at="2022-11-01T21:52:30 PDT" duration-ms="5015" status="PASS">
          <reporter-output>
          </reporter-output>
        </test-method> <!-- verifyAppTitle -->
        <test-method signature="verifyLogout()[pri:3, instance:tests.LoginTest@58ea606c]" started-at="2022-11-01T21:52:30 PDT" name="verifyLogout" finished-at="2022-11-01T21:52:32 PDT" duration-ms="1177" status="PASS">
          <reporter-output>
          </reporter-output>
        </test-method> <!-- verifyLogout -->
        <test-method is-config="true" signature="delayAfterEachMethod()[pri:0, instance:tests.LoginTest@58ea606c]" started-at="2022-11-01T21:52:30 PDT" name="delayAfterEachMethod" finished-at="2022-11-01T21:52:30 PDT" duration-ms="0" status="PASS">
          <reporter-output>
          </reporter-output>
        </test-method> <!-- delayAfterEachMethod -->
        <test-method is-config="true" signature="delayAfterEachMethod()[pri:0, instance:tests.LoginTest@58ea606c]" started-at="2022-11-01T21:52:32 PDT" name="delayAfterEachMethod" finished-at="2022-11-01T21:52:32 PDT" duration-ms="0" status="PASS">
          <reporter-output>
          </reporter-output>
        </test-method> <!-- delayAfterEachMethod -->
        <test-method is-config="true" signature="closeApp()[pri:0, instance:tests.LoginTest@58ea606c]" started-at="2022-11-01T21:52:32 PDT" name="closeApp" finished-at="2022-11-01T21:52:37 PDT" duration-ms="5288" status="PASS">
          <reporter-output>
          </reporter-output>
        </test-method> <!-- closeApp -->
      </class> <!-- tests.LoginTest -->
    </test> <!-- Test -->
  </suite> <!-- Suite -->
</testng-results>
